app/build/intermediates/manifest_merge_blame_file/debug/manifest-merger-blame-debug-report.txt
1<?xml version="1.0" encoding="utf-8"?>
2<manifest xmlns:android="http://schemas.android.com/apk/res/android"
3    package="com.example.assignment01"
4    android:versionCode="1"
5    android:versionName="1.0" >
6
7    <uses-sdk
8        android:minSdkVersion="21"
8-->src\main\AndroidManifest.xml
9        android:targetSdkVersion="29" />
9-->src\main\AndroidManifest.xml
10
11    <application
11-->src\main\AndroidManifest.xml:5:5-35:19
12        android:allowBackup="false"
12-->src\main\AndroidManifest.xml:6:9-36
13        android:appComponentFactory="androidx.core.app.CoreComponentFactory"
13-->[androidx.core:core:1.1.0] AndroidManifest.xml:24:18-86
14        android:debuggable="true"
15        android:icon="@drawable/ic_pizza"
15-->src\main\AndroidManifest.xml:7:9-42
16        android:label="@string/app_name"
16-->src\main\AndroidManifest.xml:8:9-41
17        android:roundIcon="@mipmap/ic_launcher_round"
17-->src\main\AndroidManifest.xml:9:9-54
18        android:supportsRtl="true"
18-->src\main\AndroidManifest.xml:10:9-35
19        android:testOnly="true"
20        android:theme="@style/AppTheme" >
20-->src\main\AndroidManifest.xml:11:9-40
21        <activity android:name="com.example.IndustryProject.FoodSummaryActivity" />
21-->src\main\AndroidManifest.xml:12:9-57
21-->src\main\AndroidManifest.xml:12:19-54
22        <activity android:name="com.example.IndustryProject.UserInformationActivity" />
22-->src\main\AndroidManifest.xml:13:9-61
22-->src\main\AndroidManifest.xml:13:19-58
23        <activity android:name="com.example.IndustryProject.AddUserAcitivity" />
23-->src\main\AndroidManifest.xml:14:9-54
23-->src\main\AndroidManifest.xml:14:19-51
24        <activity android:name="com.example.IndustryProject.Food_RecyclerFrag_Main" />
24-->src\main\AndroidManifest.xml:15:9-60
24-->src\main\AndroidManifest.xml:15:19-57
25        <activity
25-->src\main\AndroidManifest.xml:16:9-24:20
26            android:name="com.example.IndustryProject.SplashActivity"
26-->src\main\AndroidManifest.xml:17:13-43
27            android:theme="@style/SplashTheme" >
27-->src\main\AndroidManifest.xml:18:13-47
28            <intent-filter>
28-->src\main\AndroidManifest.xml:19:13-23:29
29                <action android:name="android.intent.action.MAIN" />
29-->src\main\AndroidManifest.xml:20:17-69
29-->src\main\AndroidManifest.xml:20:25-66
30
31                <category android:name="android.intent.category.LAUNCHER" />
31-->src\main\AndroidManifest.xml:22:17-77
31-->src\main\AndroidManifest.xml:22:27-74
32            </intent-filter>
33        </activity>
34        <activity android:name="com.example.IndustryProject.MainActivity" />
34-->src\main\AndroidManifest.xml:25:9-50
34-->src\main\AndroidManifest.xml:25:19-47
35        <activity android:name="com.example.IndustryProject.ProfileActivity" />
35-->src\main\AndroidManifest.xml:26:9-53
35-->src\main\AndroidManifest.xml:26:19-50
36        <activity android:name="com.example.IndustryProject.UpdateBodyDetailsActivity" />
36-->src\main\AndroidManifest.xml:27:9-63
36-->src\main\AndroidManifest.xml:27:19-60
37        <activity android:name="com.example.IndustryProject.GoalsActivity" />
37-->src\main\AndroidManifest.xml:28:9-51
37-->src\main\AndroidManifest.xml:28:19-48
38        <activity android:name="com.example.IndustryProject.ReadFileAssetsActivity" />
38-->src\main\AndroidManifest.xml:29:9-60
38-->src\main\AndroidManifest.xml:29:19-57
39        <activity android:name="com.example.IndustryProject.SearchActivity" />
39-->src\main\AndroidManifest.xml:30:9-52
39-->src\main\AndroidManifest.xml:30:19-49
40
41        <meta-data
41-->src\main\AndroidManifest.xml:32:9-34:35
42            android:name="android.max_aspect"
42-->src\main\AndroidManifest.xml:33:13-46
43            android:value="2.1" />
43-->src\main\AndroidManifest.xml:34:13-32
44
45        <service
45-->[androidx.room:room-runtime:2.1.0] AndroidManifest.xml:25:9-27:40
46            android:name="androidx.room.MultiInstanceInvalidationService"
46-->[androidx.room:room-runtime:2.1.0] AndroidManifest.xml:26:13-74
47            android:exported="false" />
47-->[androidx.room:room-runtime:2.1.0] AndroidManifest.xml:27:13-37
48
49        <provider
49-->[androidx.lifecycle:lifecycle-process:2.0.0] AndroidManifest.xml:23:9-27:43
50            android:name="androidx.lifecycle.ProcessLifecycleOwnerInitializer"
50-->[androidx.lifecycle:lifecycle-process:2.0.0] AndroidManifest.xml:24:13-79
51            android:authorities="com.example.assignment01.lifecycle-process"
51-->[androidx.lifecycle:lifecycle-process:2.0.0] AndroidManifest.xml:25:13-69
52            android:exported="false"
52-->[androidx.lifecycle:lifecycle-process:2.0.0] AndroidManifest.xml:26:13-37
53            android:multiprocess="true" />
53-->[androidx.lifecycle:lifecycle-process:2.0.0] AndroidManifest.xml:27:13-40
54    </application>
55
56</manifest>